<?xml version="1.0" encoding="UTF-8"?>
<testng-results ignored="0" total="1" passed="1" failed="0" skipped="0">
  <reporter-output>
  </reporter-output>
  <suite started-at="2021-12-25T19:20:03 IST" name="Default suite" finished-at="2021-12-25T19:20:14 IST" duration-ms="10626">
    <groups>
    </groups>
    <test started-at="2021-12-25T19:20:03 IST" name="Default test" finished-at="2021-12-25T19:20:14 IST" duration-ms="10626">
      <class name="Tests.EndToEnd">
        <test-method is-config="true" signature="beforeTest()[pri:0, instance:Tests.EndToEnd@d5b810e]" started-at="2021-12-25T19:20:03 IST" name="beforeTest" finished-at="2021-12-25T19:20:04 IST" duration-ms="831" status="PASS">
          <reporter-output>
          </reporter-output>
        </test-method> <!-- beforeTest -->
        <test-method signature="test_AddPlace_UpdateAddress_DeletePlace()[pri:0, instance:Tests.EndToEnd@d5b810e]" started-at="2021-12-25T19:20:04 IST" name="test_AddPlace_UpdateAddress_DeletePlace" finished-at="2021-12-25T19:20:14 IST" duration-ms="9758" status="PASS">
          <reporter-output>
          </reporter-output>
        </test-method> <!-- test_AddPlace_UpdateAddress_DeletePlace -->
      </class> <!-- Tests.EndToEnd -->
    </test> <!-- Default test -->
  </suite> <!-- Default suite -->
</testng-results>
